{
  "RSpec": {
    "coverage": {
      "/Users/pedrohaltoe/Downloads/checkout_system/lib/checkout.rb": {
        "lines": [
          1,
          1,
          null,
          1,
          5,
          5,
          null,
          null,
          1,
          12,
          null,
          null,
          1,
          4,
          null,
          4,
          5,
          null,
          null,
          4,
          17,
          null,
          null,
          4,
          null,
          null
        ]
      },
      "/Users/pedrohaltoe/Downloads/checkout_system/lib/product.rb": {
        "lines": [
          1,
          null,
          1,
          1,
          null,
          1,
          13,
          13,
          13,
          null,
          null,
          null
        ]
      },
      "/Users/pedrohaltoe/Downloads/checkout_system/lib/promotional_rules.rb": {
        "lines": [
          1,
          1,
          null,
          1,
          0,
          0,
          0,
          null,
          null,
          null,
          null,
          1,
          0,
          0,
          0,
          null,
          null,
          null,
          null,
          1,
          0,
          0,
          null,
          0,
          null,
          null,
          null
        ]
      },
      "/Users/pedrohaltoe/Downloads/checkout_system/spec/lib/checkout_spec.rb": {
        "lines": [
          1,
          6,
          null,
          3,
          2,
          2,
          2,
          null,
          1,
          null,
          5,
          2,
          1,
          3,
          null,
          null,
          null,
          null,
          null,
          1,
          1,
          3,
          null,
          null,
          null,
          null,
          null,
          4,
          1,
          null,
          3,
          null,
          null,
          null,
          null,
          null,
          2,
          null,
          1,
          1,
          1,
          1,
          null,
          null,
          null,
          null,
          1,
          1,
          1,
          1,
          null,
          1,
          null,
          null,
          1,
          1,
          1,
          1,
          null,
          1,
          null,
          null,
          1,
          1,
          1,
          1,
          null,
          1,
          null,
          null,
          1,
          1,
          1,
          1,
          1,
          null,
          1,
          null,
          null,
          null
        ]
      },
      "/Users/pedrohaltoe/Downloads/checkout_system/spec/lib/product_spec.rb": {
        "lines": [
          1,
          2,
          5,
          5,
          null,
          1,
          1,
          1,
          null,
          null,
          null,
          1,
          1,
          null,
          null,
          1,
          1,
          null,
          null,
          1,
          1,
          null,
          1,
          null,
          1,
          null,
          null,
          null
        ]
      },
      "/Users/pedrohaltoe/Downloads/checkout_system/spec/lib/promotional_rules_spec.rb": {
        "lines": [

        ]
      },
      "/Users/pedrohaltoe/Downloads/checkout_system/spec/factories/factory.rb": {
        "lines": [
          1,
          1,
          9,
          14,
          9,
          null,
          14,
          null,
          null
        ]
      }
    },
    "timestamp": 1583420369
  }
}
